
Oct 06, 2020 24:11:20.949 NEW SESSION
Oct 06, 2020 24:11:20.950 [6296:4284:1006/001120.893:ERROR:media_history_store.cc(363)] Failed to create or update the media history store.

Oct 08, 2020 16:49:57.997 NEW SESSION
Oct 08, 2020 16:49:57.998 [5488:12032:1008/164957.991:ERROR:media_history_store.cc(363)] Failed to create or update the media history store.

Oct 08, 2020 23:14:11.307 NEW SESSION
Oct 08, 2020 23:14:11.307 [6152:6844:1008/231411.307:ERROR:media_history_store.cc(363)] Failed to create or update the media history store.

Oct 13, 2020 22:37:52.848 NEW SESSION
Oct 13, 2020 22:37:52.848 [7796:10124:1013/223752.826:ERROR:media_history_store.cc(363)] Failed to create or update the media history store.
Oct 13, 2020 23:22:52.291 [13544:7380:1013/232252.291:ERROR:media_history_store.cc(363)] Failed to create or update the media history store.

Oct 14, 2020 07:23:49.97 NEW SESSION
Oct 14, 2020 07:23:49.98 [11960:7584:1014/072349.093:ERROR:media_history_store.cc(363)] Failed to create or update the media history store.

Dec 03, 2020 24:59:23.392 NEW SESSION
Dec 03, 2020 24:59:23.401 [12224:6484:1203/005923.244:ERROR:device_event_log_impl.cc(211)] [00:59:23.243] USB: usb_device_handle_win.cc:1020 Failed to read descriptor from node connection: A device attached to the system is not functioning. (0x1F)
Dec 03, 2020 24:59:23.454 [12224:6484:1203/005923.246:ERROR:device_event_log_impl.cc(211)] [00:59:23.246] USB: usb_device_handle_win.cc:1020 Failed to read descriptor from node connection: A device attached to the system is not functioning. (0x1F)
Dec 03, 2020 24:59:23.472 [12224:6484:1203/005923.246:ERROR:device_event_log_impl.cc(211)] [00:59:23.246] USB: usb_device_handle_win.cc:1020 Failed to read descriptor from node connection: A device attached to the system is not functioning. (0x1F)
Dec 03, 2020 01:08:58.520 [1203/010858.238:ERROR:directory_reader_win.cc(43)] FindFirstFile: The system cannot find the path specified. (0x3)

Dec 07, 2020 01:12:24.99 NEW SESSION
Dec 07, 2020 01:12:24.100 [7352:13168:1207/011224.067:ERROR:device_event_log_impl.cc(211)] [01:12:24.067] USB: usb_device_handle_win.cc:1020 Failed to read descriptor from node connection: A device attached to the system is not functioning. (0x1F)
Dec 07, 2020 01:12:24.121 [7352:13168:1207/011224.068:ERROR:device_event_log_impl.cc(211)] [01:12:24.068] USB: usb_device_handle_win.cc:1020 Failed to read descriptor from node connection: A device attached to the system is not functioning. (0x1F)
Dec 07, 2020 01:12:24.135 [7352:13168:1207/011224.068:ERROR:device_event_log_impl.cc(211)] [01:12:24.068] USB: usb_device_handle_win.cc:1020 Failed to read descriptor from node connection: A device attached to the system is not functioning. (0x1F)
Dec 07, 2020 01:12:24.149 [7352:13168:1207/011224.070:ERROR:device_event_log_impl.cc(211)] [01:12:24.070] USB: usb_device_handle_win.cc:1020 Failed to read descriptor from node connection: A device attached to the system is not functioning. (0x1F)
Dec 07, 2020 01:22:13.147 [1207/012213.105:ERROR:directory_reader_win.cc(43)] FindFirstFile: The system cannot find the path specified. (0x3)

Dec 18, 2020 16:21:28.950 NEW SESSION
Dec 18, 2020 16:21:28.952 [5480:6496:1218/162128.914:ERROR:device_event_log_impl.cc(211)] [16:21:28.915] USB: usb_device_handle_win.cc:1020 Failed to read descriptor from node connection: A device attached to the system is not functioning. (0x1F)
Dec 18, 2020 16:21:28.981 [5480:6496:1218/162128.916:ERROR:device_event_log_impl.cc(211)] [16:21:28.916] USB: usb_device_handle_win.cc:1020 Failed to read descriptor from node connection: A device attached to the system is not functioning. (0x1F)
Dec 18, 2020 16:31:07.263 [1218/163106.986:ERROR:directory_reader_win.cc(43)] FindFirstFile: The system cannot find the path specified. (0x3)
Dec 18, 2020 19:51:55.610 [5480:6496:1218/195154.226:ERROR:device_event_log_impl.cc(211)] [19:51:54.226] USB: usb_service_win.cc:258 Failed to get device driver name: Element not found. (0x490)
Dec 18, 2020 19:51:55.648 [5480:10368:1218/195154.494:ERROR:connection_factory_impl.cc(428)] Failed to connect to MCS endpoint with error -105
Dec 18, 2020 19:52:03.96 [5480:6496:1218/195203.095:ERROR:device_event_log_impl.cc(211)] [19:52:02.820] USB: usb_service_win.cc:258 Failed to get device driver name: Element not found. (0x490)
Dec 18, 2020 19:52:18.83 [5480:6496:1218/195218.083:ERROR:device_event_log_impl.cc(211)] [19:52:18.083] USB: usb_service_win.cc:258 Failed to get device driver name: Element not found. (0x490)
Dec 18, 2020 19:52:18.98 [5480:6496:1218/195218.088:ERROR:device_event_log_impl.cc(211)] [19:52:18.088] USB: usb_service_win.cc:281 SetupDiEnumDeviceInterfaces: No more data is available. (0x103)
Dec 18, 2020 23:50:15.597 [5480:6496:1218/235014.945:ERROR:device_event_log_impl.cc(211)] [23:50:14.944] USB: usb_service_win.cc:258 Failed to get device driver name: Element not found. (0x490)
Dec 18, 2020 23:50:15.724 [5480:10368:1218/235015.160:ERROR:connection_factory_impl.cc(428)] Failed to connect to MCS endpoint with error -105
Dec 18, 2020 23:50:28.18 [5480:6496:1218/235028.015:ERROR:device_event_log_impl.cc(211)] [23:50:28.015] USB: usb_service_win.cc:258 Failed to get device driver name: Element not found. (0x490)
